<?xml version="1.0" encoding="UTF-8"?>
<!-- Generated by org.testng.reporters.JUnitReportReporter -->
<testsuite skipped="0" hostname="Indijanov" name="tests.ProfileTest" tests="1" failures="0" timestamp="2021-02-25T22:55:06 CET" time="15.573" errors="0">
  <testcase name="editProfileTest" time="15.573" classname="tests.ProfileTest"/>
  <system-out/>
</testsuite> <!-- tests.ProfileTest -->
