<?xml version="1.0" encoding="UTF-8"?>
<!-- Generated by org.testng.reporters.JUnitReportReporter -->
<testsuite skipped="0" hostname="Indijanov" name="tests.ProfileTest" tests="1" failures="0" timestamp="2021-02-28T00:40:45 CET" time="26.850" errors="0">
  <testcase name="changeProfileImageTest" time="26.850" classname="tests.ProfileTest"/>
  <system-out/>
</testsuite> <!-- tests.ProfileTest -->
