<?xml version="1.0" encoding="UTF-8"?>
<!-- Generated by org.testng.reporters.JUnitReportReporter -->
<testsuite skipped="0" hostname="Indijanov" name="tests.ProfileTest" tests="5" failures="0" timestamp="2021-03-02T19:29:12 CET" time="71.639" errors="0">
  <testcase name="editProfile" time="13.635" classname="tests.ProfileTest"/>
  <system-out/>
  <testcase name="changeProfileImage" time="16.100" classname="tests.ProfileTest"/>
  <system-out/>
  <testcase name="addMealToCart" time="13.271" classname="tests.ProfileTest"/>
  <system-out/>
  <testcase name="addMealToFavorite" time="8.868" classname="tests.ProfileTest"/>
  <system-out/>
  <testcase name="clearCart" time="19.765" classname="tests.ProfileTest"/>
  <system-out/>
</testsuite> <!-- tests.ProfileTest -->
